<?xml version="1.0" encoding="UTF-8"?>
<!-- Generated by org.testng.reporters.JUnitReportReporter -->
<testsuite hostname="DESKTOP-1RI16MJ" failures="0" tests="1" name="tests.testNGVideoRecorder" time="821.506" errors="0" timestamp="2020-04-17T11:43:49 EDT" skipped="0">
  <testcase classname="tests.testNGVideoRecorder" name="testNGTest1" time="821.506"/>
  <system-out/>
</testsuite> <!-- tests.testNGVideoRecorder -->
