<?xml version="1.0" encoding="UTF-8"?>
<!-- Generated by org.testng.reporters.JUnitReportReporter -->
<testsuite hostname="DESKTOP-1RI16MJ" failures="0" tests="1" name="javaVideoRecorder.JavaVideoRecorderExample" time="21.259" errors="0" timestamp="2020-04-17T15:47:28 EDT" skipped="0">
  <testcase classname="javaVideoRecorder.JavaVideoRecorderExample" name="javaVideoRecorder" time="21.259"/>
  <system-out/>
</testsuite> <!-- javaVideoRecorder.JavaVideoRecorderExample -->
