<?xml version="1.0" encoding="UTF-8"?>
<!-- Generated by org.testng.reporters.JUnitXMLReporter -->
<testsuite ignored="0" hostname="DESKTOP-1RI16MJ" failures="0" tests="2" name="Test-class test" time="3.669" errors="0" timestamp="2020-04-17T10:45:50 EDT">
  <testcase classname="tests.testNGVideoRecorder" name="testNGTest1" time="3.619"/>
  <testcase classname="tests.testNGVideoRecorder" name="testNGTest2" time="3.638"/>
</testsuite> <!-- Test-class test -->
